{
  "RSpec": {
    "coverage": {
      "/Users/ellieaston/Projects/bookmark_manager_tuesday/app.rb": [
        1,
        1,
        1,
        null,
        1,
        1,
        1,
        null,
        1,
        1,
        null,
        null,
        1,
        4,
        4,
        null,
        null,
        1,
        1,
        null,
        null,
        1,
        1,
        1,
        null,
        null,
        1,
        null
      ],
      "/Users/ellieaston/Projects/bookmark_manager_tuesday/lib/bookmark.rb": [
        1,
        null,
        1,
        null,
        1,
        null,
        1,
        21,
        21,
        21,
        null,
        null,
        1,
        5,
        5,
        null,
        0,
        null,
        null,
        5,
        5,
        11,
        null,
        null,
        null,
        1,
        10,
        10,
        null,
        0,
        null,
        null,
        10,
        10,
        null,
        null,
        null
      ],
      "/Users/ellieaston/Projects/bookmark_manager_tuesday/spec/bookmark_spec.rb": [
        1,
        null,
        1,
        1,
        1,
        1,
        null,
        1,
        1,
        1,
        null,
        1,
        null,
        1,
        1,
        1,
        null,
        null,
        null,
        null,
        null,
        null,
        null,
        null,
        null,
        null,
        null
      ],
      "/Users/ellieaston/Projects/bookmark_manager_tuesday/spec/features/add_new_bookmark_spec.rb": [
        1,
        1,
        1,
        1,
        1,
        1,
        1,
        1,
        null,
        null
      ],
      "/Users/ellieaston/Projects/bookmark_manager_tuesday/spec/features/delete_bookmark_spec.rb": [
        1,
        null,
        1,
        1,
        1,
        1,
        1,
        1,
        0,
        null,
        null,
        null
      ],
      "/Users/ellieaston/Projects/bookmark_manager_tuesday/spec/features/database_helpers.rb": [
        1,
        null,
        1,
        2,
        2,
        2,
        2,
        null
      ],
      "/Users/ellieaston/Projects/bookmark_manager_tuesday/spec/features/viewing_bookmarks_spec.rb": [
        1,
        null,
        1,
        1,
        1,
        1,
        null,
        null,
        null,
        1,
        1,
        1,
        1,
        null,
        1,
        1,
        1,
        null,
        null
      ]
    },
    "timestamp": 1573212654
  }
}
