{
  "RSpec": {
    "coverage": {
      "/Users/ellieaston/Projects/bookmark_manager_tuesday/app.rb": [
        1,
        1,
        1,
        null,
        1,
        1,
        1,
        null,
        1,
        1,
        null,
        null,
        1,
        5,
        5,
        null,
        null,
        1,
        1,
        null,
        null,
        1,
        1,
        1,
        1,
        null,
        null,
        1,
        null,
        null,
        null,
        1,
        null
      ],
      "/Users/ellieaston/Projects/bookmark_manager_tuesday/lib/bookmark.rb": [
        1,
        null,
        1,
        null,
        1,
        null,
        1,
        29,
        29,
        29,
        null,
        null,
        1,
        7,
        7,
        null,
        0,
        null,
        null,
        7,
        7,
        16,
        null,
        null,
        null,
        1,
        13,
        13,
        null,
        0,
        null,
        null,
        13,
        13,
        null,
        null,
        1,
        1,
        1,
        null,
        0,
        null,
        1,
        null,
        null,
        null
      ],
      "/Users/ellieaston/Projects/bookmark_manager_tuesday/spec/bookmark_spec.rb": [
        1,
        1,
        null,
        1,
        1,
        1,
        1,
        null,
        1,
        null,
        1,
        1,
        1,
        1,
        null,
        null,
        null,
        null,
        null,
        null,
        null,
        null,
        null,
        null,
        1,
        1,
        1,
        1,
        1,
        1,
        null,
        null,
        null,
        null
      ],
      "/Users/ellieaston/Projects/bookmark_manager_tuesday/spec/features/database_helpers.rb": [
        1,
        null,
        1,
        4,
        4,
        4,
        4,
        null
      ],
      "/Users/ellieaston/Projects/bookmark_manager_tuesday/spec/features/add_new_bookmark_spec.rb": [
        1,
        1,
        1,
        1,
        1,
        1,
        1,
        1,
        null,
        null
      ],
      "/Users/ellieaston/Projects/bookmark_manager_tuesday/spec/features/delete_bookmark_spec.rb": [
        1,
        null,
        1,
        1,
        1,
        1,
        1,
        1,
        1,
        null,
        null
      ],
      "/Users/ellieaston/Projects/bookmark_manager_tuesday/spec/features/viewing_bookmarks_spec.rb": [
        1,
        null,
        1,
        1,
        1,
        1,
        null,
        null,
        null,
        1,
        1,
        1,
        1,
        null,
        1,
        1,
        1,
        null,
        null
      ]
    },
    "timestamp": 1573231378
  }
}
